<?xml version="1.0" encoding="UTF-8"?>
<!-- Generated by org.testng.reporters.JUnitReportReporter -->
<testsuite skipped="0" hostname="DESKTOP-JJIP4FK" name="Runner.TestRunner" tests="1" failures="0" timestamp="23 Apr 2020 00:47:44 GMT" time="14.965" errors="0">
  <testcase name="feature" time="14.965" classname="Runner.TestRunner"/>
</testsuite> <!-- Runner.TestRunner -->
