<?xml version="1.0" encoding="UTF-8"?>
<!-- Generated by org.testng.reporters.JUnitReportReporter -->
<testsuite skipped="0" hostname="DESKTOP-JJIP4FK" name="Runner.TestRunner" tests="1" failures="0" timestamp="04 May 2020 06:21:31 GMT" time="158.696" errors="0">
  <testcase name="feature" time="158.696" classname="Runner.TestRunner"/>
</testsuite> <!-- Runner.TestRunner -->
